CRITICAL - 2024-04-02 04:44:10 --> CodeIgniter\Validation\Exceptions\ValidationException: "strong_password" is not a valid rule.
in SYSTEMPATH\Validation\Validation.php on line 336.
 1 SYSTEMPATH\Validation\Validation.php(336): CodeIgniter\Validation\Exceptions\ValidationException::forRuleNotFound('strong_password')
 2 SYSTEMPATH\Validation\Validation.php(200): CodeIgniter\Validation\Validation->processRules('password', 'password', '123456', [...], [...])
 3 SYSTEMPATH\Controller.php(154): CodeIgniter\Validation\Validation->run()
 4 VENDORPATH\myth\auth\src\Controllers\AuthController.php(164): CodeIgniter\Controller->validate([...])
 5 SYSTEMPATH\CodeIgniter.php(943): Myth\Auth\Controllers\AuthController->attemptRegister()
 6 SYSTEMPATH\CodeIgniter.php(503): CodeIgniter\CodeIgniter->runController(Object(Myth\Auth\Controllers\AuthController))
 7 SYSTEMPATH\CodeIgniter.php(361): CodeIgniter\CodeIgniter->handleRequest(null, Object(Config\Cache), false)
 8 FCPATH\index.php(79): CodeIgniter\CodeIgniter->run()
 9 SYSTEMPATH\Commands\Server\rewrite.php(47): require_once('C:\\laragon\\www\\GenotipoPrueba\\public\\index.php')
CRITICAL - 2024-04-02 04:44:32 --> CodeIgniter\Validation\Exceptions\ValidationException: "strong_password" is not a valid rule.
in SYSTEMPATH\Validation\Validation.php on line 336.
 1 SYSTEMPATH\Validation\Validation.php(336): CodeIgniter\Validation\Exceptions\ValidationException::forRuleNotFound('strong_password')
 2 SYSTEMPATH\Validation\Validation.php(200): CodeIgniter\Validation\Validation->processRules('password', 'password', 'Amolavida20#', [...], [...])
 3 SYSTEMPATH\Controller.php(154): CodeIgniter\Validation\Validation->run()
 4 VENDORPATH\myth\auth\src\Controllers\AuthController.php(164): CodeIgniter\Controller->validate([...])
 5 SYSTEMPATH\CodeIgniter.php(943): Myth\Auth\Controllers\AuthController->attemptRegister()
 6 SYSTEMPATH\CodeIgniter.php(503): CodeIgniter\CodeIgniter->runController(Object(Myth\Auth\Controllers\AuthController))
 7 SYSTEMPATH\CodeIgniter.php(361): CodeIgniter\CodeIgniter->handleRequest(null, Object(Config\Cache), false)
 8 FCPATH\index.php(79): CodeIgniter\CodeIgniter->run()
 9 SYSTEMPATH\Commands\Server\rewrite.php(47): require_once('C:\\laragon\\www\\GenotipoPrueba\\public\\index.php')
CRITICAL - 2024-04-02 04:45:48 --> CodeIgniter\Validation\Exceptions\ValidationException: "strong_password" is not a valid rule.
in SYSTEMPATH\Validation\Validation.php on line 336.
 1 SYSTEMPATH\Validation\Validation.php(336): CodeIgniter\Validation\Exceptions\ValidationException::forRuleNotFound('strong_password')
 2 SYSTEMPATH\Validation\Validation.php(200): CodeIgniter\Validation\Validation->processRules('password', 'password', 'Amolavida20#', [...], [...])
 3 SYSTEMPATH\Controller.php(154): CodeIgniter\Validation\Validation->run()
 4 VENDORPATH\myth\auth\src\Controllers\AuthController.php(164): CodeIgniter\Controller->validate([...])
 5 SYSTEMPATH\CodeIgniter.php(943): Myth\Auth\Controllers\AuthController->attemptRegister()
 6 SYSTEMPATH\CodeIgniter.php(503): CodeIgniter\CodeIgniter->runController(Object(Myth\Auth\Controllers\AuthController))
 7 SYSTEMPATH\CodeIgniter.php(361): CodeIgniter\CodeIgniter->handleRequest(null, Object(Config\Cache), false)
 8 FCPATH\index.php(79): CodeIgniter\CodeIgniter->run()
 9 SYSTEMPATH\Commands\Server\rewrite.php(47): require_once('C:\\laragon\\www\\GenotipoPrueba\\public\\index.php')
CRITICAL - 2024-04-02 04:49:09 --> CodeIgniter\Validation\Exceptions\ValidationException: "strong_password" is not a valid rule.
in SYSTEMPATH\Validation\Validation.php on line 336.
 1 SYSTEMPATH\Validation\Validation.php(336): CodeIgniter\Validation\Exceptions\ValidationException::forRuleNotFound('strong_password')
 2 SYSTEMPATH\Validation\Validation.php(200): CodeIgniter\Validation\Validation->processRules('password', 'password', 'Amolavida20#', [...], [...])
 3 SYSTEMPATH\Controller.php(154): CodeIgniter\Validation\Validation->run()
 4 VENDORPATH\myth\auth\src\Controllers\AuthController.php(164): CodeIgniter\Controller->validate([...])
 5 SYSTEMPATH\CodeIgniter.php(943): Myth\Auth\Controllers\AuthController->attemptRegister()
 6 SYSTEMPATH\CodeIgniter.php(503): CodeIgniter\CodeIgniter->runController(Object(Myth\Auth\Controllers\AuthController))
 7 SYSTEMPATH\CodeIgniter.php(361): CodeIgniter\CodeIgniter->handleRequest(null, Object(Config\Cache), false)
 8 FCPATH\index.php(79): CodeIgniter\CodeIgniter->run()
 9 SYSTEMPATH\Commands\Server\rewrite.php(47): require_once('C:\\laragon\\www\\GenotipoPrueba\\public\\index.php')
CRITICAL - 2024-04-02 04:52:22 --> CodeIgniter\Validation\Exceptions\ValidationException: "strong_password" is not a valid rule.
in SYSTEMPATH\Validation\Validation.php on line 336.
 1 SYSTEMPATH\Validation\Validation.php(336): CodeIgniter\Validation\Exceptions\ValidationException::forRuleNotFound('strong_password')
 2 SYSTEMPATH\Validation\Validation.php(200): CodeIgniter\Validation\Validation->processRules('password', 'password', 'Amolavida20@', [...], [...])
 3 SYSTEMPATH\Controller.php(154): CodeIgniter\Validation\Validation->run()
 4 VENDORPATH\myth\auth\src\Controllers\AuthController.php(164): CodeIgniter\Controller->validate([...])
 5 SYSTEMPATH\CodeIgniter.php(943): Myth\Auth\Controllers\AuthController->attemptRegister()
 6 SYSTEMPATH\CodeIgniter.php(503): CodeIgniter\CodeIgniter->runController(Object(Myth\Auth\Controllers\AuthController))
 7 SYSTEMPATH\CodeIgniter.php(361): CodeIgniter\CodeIgniter->handleRequest(null, Object(Config\Cache), false)
 8 FCPATH\index.php(79): CodeIgniter\CodeIgniter->run()
 9 SYSTEMPATH\Commands\Server\rewrite.php(47): require_once('C:\\laragon\\www\\GenotipoPrueba\\public\\index.php')
